"../../../../../../Users/waylo/Documents/Unreal Projects/ProjectOperator/Content/CharacterControllers/PC_MainMenu.uasset" 0
"../../../../../../Users/waylo/Documents/Unreal Projects/ProjectOperator/Content/GameModes/GM_MainMenu.uasset" 1
"../../../../../../Users/waylo/Documents/Unreal Projects/ProjectOperator/Content/Textures/T_Grid.uasset" 2
"../../../Engine/Content/EngineMaterials/DefaultPhysicalMaterial.uasset" 3
"../../../../../../Users/waylo/Documents/Unreal Projects/ProjectOperator/Content/Materials/M_LDGrid_Base.uasset" 4
"../../../../../../Users/waylo/Documents/Unreal Projects/ProjectOperator/Content/Materials/MI_LDGrid_Base_Grey.uasset" 5
"../../../Engine/Content/Functions/Engine_MaterialFunctions02/Utility/VectorLength.uasset" 6
"../../../Engine/Content/Functions/Engine_MaterialFunctions02/WorldPositionOffset/ObjectScale.uasset" 7
"../../../Engine/Content/Functions/Engine_MaterialFunctions02/WorldPositionOffset/ObjectPivotPoint.uasset" 8
"../../../Engine/Content/Functions/Engine_MaterialFunctions02/Utility/BreakOutFloat3Components.uasset" 9
"../../../../../../Users/waylo/Documents/Unreal Projects/ProjectOperator/Content/Materials/TechArt/MF_CheapLF_Vec2.uasset" 10
"../../../../../../Users/waylo/Documents/Unreal Projects/ProjectOperator/Content/Materials/TechArt/MF_LDGrid_Triplanar.uasset" 11
"../../../../../../Users/waylo/Documents/Unreal Projects/ProjectOperator/Content/Materials/M_LDGrid_Local.uasset" 12
"../../../../../../Users/waylo/Documents/Unreal Projects/ProjectOperator/Content/Materials/MI_LDGrid_Cover.uasset" 13
"../../../../../../Users/waylo/Documents/Unreal Projects/ProjectOperator/Content/Materials/MI_LDGrid_JumpX.uasset" 14
"../../../../../../Users/waylo/Documents/Unreal Projects/ProjectOperator/Content/Materials/MI_LDGrid_Local_White.uasset" 15
"../../../../../../Users/waylo/Documents/Unreal Projects/ProjectOperator/Content/Materials/TechArt/MPC_LDGrid.uasset" 16
"../../../../../../Users/waylo/Documents/Unreal Projects/ProjectOperator/Content/Data/ID-AwarenessPair.uasset" 17
"../../../../../../Users/waylo/Documents/Unreal Projects/ProjectOperator/Content/Materials/MI_LDGrid_Local_Grey.uasset" 18
"../../../Engine/Content/EngineMaterials/T_Default_Material_Grid_N.uasset" 19
"../../../Engine/Content/EngineMaterials/T_Default_Material_Grid_M.uasset" 20
"../../../Engine/Content/Functions/Engine_MaterialFunctions01/Opacity/CameraDepthFade.uasset" 21
"../../../Engine/Content/EngineMaterials/WorldGridMaterial.uasset" 22
"../../../Engine/Content/ArtTools/RenderToTexture/Meshes/S_1_Unit_Plane.uasset" 23
"../../../Engine/Content/EngineMaterials/DefaultMaterial.uasset" 24
"../../../Engine/Content/BasicShapes/Cone.uasset" 25
"../../../Engine/Content/BasicShapes/Plane.uasset" 26
"../../../Engine/Content/EditorLandscapeResources/DataLayer.uasset" 27
"../../../Engine/Content/EditorLandscapeResources/DefaultAlphaTexture.uasset" 28
"../../../Engine/Content/EditorMaterials/MAT_Groups_Toggle.uasset" 29
"../../../Engine/Content/EditorMaterials/MAT_Groups_Visibility.uasset" 30
"../../../Engine/Content/EditorMaterials/PreviewShadowIndicator.uasset" 31
"../../../Engine/Content/EditorMaterials/PreviewShadowIndicatorMaterial.uasset" 32
"../../../Engine/Content/EditorMaterials/MatineeGroups/MAT_ColorTrack.uasset" 33
"../../../Engine/Content/EditorMaterials/MatineeGroups/MAT_Groups_Anim.uasset" 34
"../../../Engine/Content/EditorMaterials/MatineeGroups/MAT_Groups_AudioMaster.uasset" 35
"../../../Engine/Content/EditorMaterials/MatineeGroups/MAT_Groups_Director.uasset" 36
"../../../Engine/Content/EditorMaterials/MatineeGroups/MAT_Groups_Event.uasset" 37
"../../../Engine/Content/EditorMaterials/MatineeGroups/MAT_Groups_Fade.uasset" 38
"../../../Engine/Content/EditorMaterials/MatineeGroups/MAT_Groups_Float.uasset" 39
"../../../Engine/Content/EditorMaterials/MatineeGroups/MAT_Groups_Move.uasset" 40
"../../../Engine/Content/EditorMaterials/MatineeGroups/MAT_Groups_Slomo.uasset" 41
"../../../Engine/Content/EditorMaterials/MatineeGroups/MAT_Groups_Sound.uasset" 42
"../../../Engine/Content/EditorMaterials/MatineeGroups/MAT_Groups_Vector.uasset" 43
"../../../Engine/Content/EditorMaterials/ParticleSystems/PSysThumbnail_NoImage.uasset" 44
"../../../Engine/Content/EditorMaterials/ParticleSystems/PSysThumbnail_OOD.uasset" 45
"../../../Engine/Content/EditorMaterials/Camera/CineMat.uasset" 46
"../../../Engine/Content/EditorMaterials/Camera/MI_CineMat_Rig.uasset" 47
"../../../Engine/Content/EditorMeshes/Camera/SM_CraneRig_Arm.uasset" 48
"../../../Engine/Content/EditorMeshes/Camera/SM_CraneRig_Base.uasset" 49
"../../../Engine/Content/EditorMeshes/Camera/SM_CraneRig_Body.uasset" 50
"../../../Engine/Content/EditorMeshes/Camera/SM_CraneRig_Mount.uasset" 51
"../../../Engine/Content/EditorMeshes/Camera/SM_RailRig_Mount.uasset" 52
"../../../Engine/Content/EditorMeshes/Camera/SM_RailRig_Track.uasset" 53
"../../../Engine/Content/EditorResources/BSPVertex.uasset" 54
"../../../Engine/Content/EditorResources/EmptyActor.uasset" 55
"../../../Engine/Content/EditorResources/S_Actor.uasset" 56
"../../../Engine/Content/EditorResources/S_Note.uasset" 57
"../../../Engine/Content/EditorResources/S_Solver.uasset" 58
"../../../Engine/Content/EditorResources/S_Terrain.uasset" 59
"../../../Engine/Content/EditorResources/S_Trigger.uasset" 60
"../../../Engine/Content/EditorResources/LightIcons/S_LightError.uasset" 61
"../../../Engine/Content/EditorResources/SequenceRecorder/Countdown.uasset" 62
"../../../Engine/Content/EditorResources/SequenceRecorder/RecordingIndicator.uasset" 63
"../../../Engine/Content/EngineDamageTypes/DmgTypeBP_Environmental.uasset" 64
"../../../Engine/Content/EngineDebugMaterials/DebugEditorMaterial.uasset" 65
"../../../Engine/Content/EngineDebugMaterials/DebugMeshMaterial.uasset" 66
"../../../Engine/Content/EngineDebugMaterials/M_SimpleUnlitTranslucent.uasset" 67
"../../../Engine/Content/EngineDebugMaterials/VolumeToRender.uasset" 68
"../../../Engine/Content/Functions/Engine_MaterialFunctions02/Utility/CameraDirectionVector.uasset" 69
"../../../Engine/Content/EngineDebugMaterials/M_VolumeRenderSphereTracePP.uasset" 70
"../../../Engine/Content/EngineFonts/Faces/RobotoRegular.uasset" 71
"../../../Engine/Content/EngineFonts/Faces/RobotoLight.uasset" 72
"../../../Engine/Content/EngineFonts/Faces/RobotoItalic.uasset" 73
"../../../Engine/Content/EngineFonts/Faces/RobotoBoldItalic.uasset" 74
"../../../Engine/Content/EngineFonts/Faces/RobotoBold.uasset" 75
"../../../Engine/Content/EngineFonts/Faces/DroidSansFallback.uasset" 76
"../../../Engine/Content/EngineFonts/Roboto.uasset" 77
"../../../Engine/Content/EngineMaterials/BaseFlattenNormalMap.uasset" 78
"../../../Engine/Content/EngineMaterials/BaseFlattenGrayscaleMap.uasset" 79
"../../../Engine/Content/EngineMaterials/BaseFlattenEmissiveMap.uasset" 80
"../../../Engine/Content/EngineMaterials/BaseFlattenDiffuseMap.uasset" 81
"../../../Engine/Content/EngineMaterials/BaseFlattenMaterial.uasset" 82
"../../../Engine/Content/EngineMaterials/BlueNoise.uasset" 83
"../../../Engine/Content/EngineMaterials/DefaultBloomKernel.uasset" 84
"../../../Engine/Content/EngineMaterials/DefaultBokeh.uasset" 85
"../../../Engine/Content/EngineMaterials/DefaultDiffuse.uasset" 86
"../../../Engine/Content/EngineMaterials/DefaultDeferredDecalMaterial.uasset" 87
"../../../Engine/Content/EngineMaterials/DefaultLightFunctionMaterial.uasset" 88
"../../../Engine/Content/Functions/Engine_MaterialFunctions02/Utility/BreakOutFloat2Components.uasset" 89
"../../../Engine/Content/EngineMaterials/DefaultPostProcessMaterial.uasset" 90
"../../../Engine/Content/EngineFonts/RobotoDistanceField.uasset" 91
"../../../Engine/Content/EngineMaterials/DefaultTextMaterialOpaque.uasset" 92
"../../../Engine/Content/EngineMaterials/DefaultWhiteGrid.uasset" 93
"../../../Engine/Content/EngineMaterials/DefaultWhiteGrid_Low.uasset" 94
"../../../Engine/Content/EngineMaterials/EmissiveMeshMaterial.uasset" 95
"../../../Engine/Content/EngineMaterials/GizmoMaterial.uasset" 96
"../../../Engine/Content/EngineMaterials/Good64x64TilingNoiseHighFreq.uasset" 97
"../../../Engine/Content/EngineMaterials/MiniFont.uasset" 98
"../../../Engine/Content/EngineMaterials/InvalidLightmapSettings.uasset" 99
"../../../Engine/Content/EngineMaterials/M_InvalidLightmapSettings.uasset" 100
"../../../Engine/Content/Functions/Engine_MaterialFunctions02/WorldPositionOffset/CameraOffset.uasset" 101
"../../../Engine/Content/EngineMaterials/PhAT_JointLimitMaterial.uasset" 102
"../../../Engine/Content/EngineMaterials/PreintegratedSkinBRDF.uasset" 103
"../../../Engine/Content/EngineMaterials/RemoveSurfaceMaterial.uasset" 104
"../../../Engine/Content/EngineMaterials/WeightMapPlaceholderTexture.uasset" 105
"../../../Engine/Content/EngineResources/WhiteSquareTexture.uasset" 106
"../../../Engine/Content/EngineMaterials/Widget3DPassThrough.uasset" 107
"../../../Engine/Content/EngineMaterials/Widget3DPassThrough_Masked.uasset" 108
"../../../Engine/Content/EngineMaterials/Widget3DPassThrough_Opaque.uasset" 109
"../../../Engine/Content/EngineMaterials/Widget3DPassThrough_Masked_OneSided.uasset" 110
"../../../Engine/Content/EngineMaterials/Widget3DPassThrough_Opaque_OneSided.uasset" 111
"../../../Engine/Content/EngineMaterials/Widget3DPassThrough_Translucent.uasset" 112
"../../../Engine/Content/EngineMaterials/Widget3DPassThrough_Translucent_OneSided.uasset" 113
"../../../Engine/Content/EngineMeshes/Cylinder.uasset" 114
"../../../Engine/Content/EngineMeshes/Sphere.uasset" 115
"../../../Engine/Content/EngineResources/Black.uasset" 116
"../../../Engine/Content/EngineResources/DefaultTextureCube.uasset" 117
"../../../Engine/Content/EngineResources/DefaultVolumeTexture2D.uasset" 118
"../../../Engine/Content/EngineResources/DefaultVolumeTexture.uasset" 119
"../../../Engine/Content/EngineResources/GradientTexture0.uasset" 120
"../../../Engine/Content/EngineSky/VolumetricClouds/T_NoiseShape64.uasset" 121
"../../../Engine/Content/EngineSky/VolumetricClouds/T_VolumeNoiseShape64.uasset" 122
"../../../Engine/Content/EngineSky/VolumetricClouds/T_NoiseErosion.uasset" 123
"../../../Engine/Content/EngineSky/VolumetricClouds/T_VolumeNoiseErosion32.uasset" 124
"../../../Engine/Content/EngineSky/VolumetricClouds/CloudWeatherTexture.uasset" 125
"../../../Engine/Content/EngineSky/VolumetricClouds/CloudGradientTexture.uasset" 126
"../../../Engine/Content/Functions/Engine_MaterialFunctions02/Utility/MakeFloat2.uasset" 127
"../../../Engine/Content/EngineSky/VolumetricClouds/m_SimpleVolumetricCloud.uasset" 128
"../../../Engine/Content/EngineSky/VolumetricClouds/m_SimpleVolumetricCloud_Inst.uasset" 129
"../../../Engine/Content/EngineSounds/Master.uasset" 130
"../../../Engine/Content/Functions/Engine_MaterialFunctions01/Shading/ConvertFromDiffSpec.uasset" 131
"../../../Engine/Content/Functions/Engine_MaterialFunctions01/Shading/PowerToRoughness.uasset" 132
"../../../Engine/Content/Maps/Templates/Thumbnails/Default.uasset" 133
"../../../Engine/Content/Maps/Templates/Thumbnails/TimeOfDay.uasset" 134
"../../../Engine/Content/Maps/Templates/Thumbnails/VR-Basic.uasset" 135
"../../../Engine/Content/MobileResources/T_MobileControls_texture.uasset" 136
"../../../Engine/Content/MobileResources/T_MobileMenu2.uasset" 137
"../../../Engine/Content/MobileResources/HUD/AnalogHat.uasset" 138
"../../../Engine/Content/MobileResources/HUD/VirtualJoystick_Thumb.uasset" 139
"../../../Engine/Content/MobileResources/HUD/VirtualJoystick_Background.uasset" 140
"../../../Engine/Content/MobileResources/HUD/DefaultVirtualJoysticks.uasset" 141
"../../../Engine/Content/MobileResources/HUD/LeftVirtualJoystickOnly.uasset" 142
"../../../Engine/Content/MobileResources/HUD/MobileHUDButton1_off.uasset" 143
"../../../Engine/Content/MobileResources/HUD/MobileHUDButton1_on.uasset" 144
"../../../Engine/Content/MobileResources/HUD/MobileHUDButton2_off.uasset" 145
"../../../Engine/Content/MobileResources/HUD/MobileHUDButton2_on.uasset" 146
"../../../Engine/Content/MobileResources/HUD/MobileHUDButton3.uasset" 147
"../../../Engine/Content/MobileResources/HUD/MobileHUDButtonFire.uasset" 148
"../../../Engine/Content/MobileResources/HUD/MobileHUDDirectionPad.uasset" 149
"../../../Engine/Content/MobileResources/HUD/MobileHUDDirectionPad2.uasset" 150
"../../../Engine/Content/MobileResources/HUD/MobileHUDDirectionPad3.uasset" 151
"../../../Engine/Content/MobileResources/HUD/MobileHUDDirectionStick.uasset" 152
"../../../Engine/Content/MobileResources/HUD/T_Castle_ThumbstickInner.uasset" 153
"../../../Engine/Content/MobileResources/HUD/T_Castle_ThumbstickOutter.uasset" 154
"../../../Engine/Content/Tutorial/ContentIntroCurve.uasset" 155
"../../../Engine/Content/Tutorial/Basics/LevelEditorAttract.uasset" 156
"../../../Engine/Content/Tutorial/BlueprintTutorials/TutorialAssets/Blueprint_64x.uasset" 157
"../../../Engine/Content/Tutorial/BlueprintTutorials/LevelBlueprintEditorOverview.uasset" 158
"../../../Engine/Content/Tutorial/Installation/InstallingVisualStudioTutorial.uasset" 159
"../../../Engine/Content/VREditor/TransformGizmo/TranslucentTransformGizmoMaterial.uasset" 160
"../../../Engine/Content/VREditor/LaserPointer/VR_LaserPower_01.uasset" 161
"../../../Engine/Content/VREditor/TransformGizmo/TransformGizmoMaterial.uasset" 162
"../../../Engine/Content/VREditor/TransformGizmo/BoundingBoxCorner.uasset" 163
"../../../Engine/Content/VREditor/TransformGizmo/BoundingBoxEdge.uasset" 164
"../../../Engine/Content/VREditor/TransformGizmo/PlaneTranslationHandle.uasset" 165
"../../../Engine/Content/VREditor/TransformGizmo/Xray.uasset" 166
"../../../Engine/Content/VREditor/TransformGizmo/Main.uasset" 167
"../../../Engine/Content/VREditor/TransformGizmo/SM_Sequencer_Key.uasset" 168
"../../../Engine/Content/VREditor/TransformGizmo/SM_Sequencer_Node.uasset" 169
"../../Plugins/2D/Paper2D/Content/PlaceholderTextures/DummySpriteTexture.uasset" 170
"../../Plugins/2D/Paper2D/Content/DummySprite.uasset" 171
"../../Plugins/2D/Paper2D/Content/DefaultPaperTerrainMaterial.uasset" 172
"../../Plugins/2D/Paper2D/Content/DefaultSpriteMaterial.uasset" 173
"../../Plugins/2D/Paper2D/Content/MaskedUnlitSpriteMaterial.uasset" 174
"../../Plugins/2D/Paper2D/Content/OpaqueUnlitSpriteMaterial.uasset" 175
"../../Plugins/Editor/SpeedTreeImporter/Content/SpeedTree9/UnpackInteger3.uasset" 176
"../../Plugins/Editor/SpeedTreeImporter/Content/SpeedTree9/UnpackDirection.uasset" 177
"../../Plugins/Editor/SpeedTreeImporter/Content/SpeedTree9/game_wind_noise.uasset" 178
"../../../Engine/Content/Functions/Engine_MaterialFunctions02/SafeNormalize.uasset" 179
"../../Plugins/Editor/SpeedTreeImporter/Content/SpeedTree9/SpeedTreeWindMotion.uasset" 180
"../../Plugins/Editor/SpeedTreeImporter/Content/SpeedTree9/SpeedTreeBranchMotion.uasset" 181
"../../../Engine/Content/Functions/Engine_MaterialFunctions02/ObjectLocalBounds.uasset" 182
"../../../Engine/Content/Functions/Engine_MaterialFunctions02/UVs/BoundingBoxBased_0-1_UVW.uasset" 183
"../../Plugins/Editor/SpeedTreeImporter/Content/SpeedTree9/SpeedTreeWind.uasset" 184
"../../Plugins/Editor/SpeedTreeImporter/Content/SpeedTree9/SpeedTreeBillboard.uasset" 185
"../../../Engine/Content/EngineResources/DefaultTexture.uasset" 186
"../../Plugins/Editor/SpeedTreeImporter/Content/SpeedTree9/SpeedTreeBillboardMaster.uasset" 187
"../../Plugins/Editor/SpeedTreeImporter/Content/SpeedTree9/SpeedTreeCameraFacing.uasset" 188
"../../Plugins/Editor/SpeedTreeImporter/Content/SpeedTree9/SpeedTreeMaster.uasset" 189
"../../../../../../Users/waylo/Documents/Unreal Projects/ProjectOperator/Content/UI/ServerListItem.uasset" 190
"../../../Engine/Content/EditorBlueprintResources/StandardMacros.uasset" 191
"../../../../../../Users/waylo/Documents/Unreal Projects/ProjectOperator/Content/UI/MainMenu.uasset" 192
"../../../../../../Users/waylo/Documents/Unreal Projects/ProjectOperator/Content/UI/Error.uasset" 193
"../../../../../../Users/waylo/Documents/Unreal Projects/ProjectOperator/Content/Blueprints/AllLevels/OperatorGameInstance.uasset" 194
"../../../../../../Users/waylo/Documents/Unreal Projects/ProjectOperator/Content/Maps/MainMenu.umap" 195
"../../../../../../Users/waylo/Documents/Unreal Projects/ProjectOperator/Content/Maps/TravelMap.umap" 196
"../../../Engine/Content/MapTemplates/SM_Template_Map_Floor.uasset" 197
"../../../Engine/Content/EngineSky/T_Sky_Stars.uasset" 198
"../../../Engine/Content/EngineSky/T_Sky_Clouds_M.uasset" 199
"../../../Engine/Content/EngineSky/T_Sky_Blue.uasset" 200
"../../../Engine/Content/BasicShapes/Cylinder.uasset" 201
"../../../Engine/Content/BasicShapes/Cube.uasset" 202
"../../../../../../Users/waylo/Documents/Unreal Projects/ProjectOperator/Content/Materials/MI_LDGrid_World.uasset" 203
"../../../../../../Users/waylo/Documents/Unreal Projects/ProjectOperator/Content/Materials/MI_LDGrid_Water.uasset" 204
"../../../../../../Users/waylo/Documents/Unreal Projects/ProjectOperator/Content/Materials/MI_LDGrid_Local_Green.uasset" 205
"../../../../../../Users/waylo/Documents/Unreal Projects/ProjectOperator/Content/Materials/MI_LDGrid_ExpBarrel.uasset" 206
"../../../Engine/Content/EngineSky/M_Sky_Panning_Clouds2.uasset" 207
"../../../../../../Users/waylo/Documents/Unreal Projects/ProjectOperator/Content/Maps/LobbyMap_BuiltData.uasset" 208
"../../../../../../Users/waylo/Documents/Unreal Projects/ProjectOperator/Content/Data/AwarenessMap.uasset" 209
"../../../../../../Users/waylo/Documents/Unreal Projects/ProjectOperator/Content/CharacterControllers/OperatorPlayerState.uasset" 210
"../../../../../../Users/waylo/Documents/Unreal Projects/ProjectOperator/Content/GameModes/OperatorGameState.uasset" 211
"../../../../../../Users/waylo/Documents/Unreal Projects/ProjectOperator/Content/Data/PlayerStance.uasset" 212
"../../../../../../Users/waylo/Documents/Unreal Projects/ProjectOperator/Content/Data/Stance.uasset" 213
"../../../../../../Users/waylo/Documents/Unreal Projects/ProjectOperator/Content/Data/PDA_State.uasset" 214
"../../../../../../Users/waylo/Documents/Unreal Projects/ProjectOperator/Content/Data/DA_Rested.uasset" 215
"../../../Engine/Content/BasicShapes/Sphere.uasset" 216
"../../../../../../Users/waylo/Documents/Unreal Projects/ProjectOperator/Content/Materials/MI_LDGrid_Local_Red.uasset" 217
"../../../Engine/Content/EditorBlueprintResources/ActorMacros.uasset" 218
"../../../../../../Users/waylo/Documents/Unreal Projects/ProjectOperator/Content/Materials/MI_LDGrid_Local_DarkGrey.uasset" 219
"../../../../../../Users/waylo/Documents/Unreal Projects/ProjectOperator/Content/CharacterControllers/C_OperatorGameplay.uasset" 220
"../../../../../../Users/waylo/Documents/Unreal Projects/ProjectOperator/Content/CharacterControllers/PC_Gameplay.uasset" 221
"../../../../../../Users/waylo/Documents/Unreal Projects/ProjectOperator/Content/GameModes/GM_Operator.uasset" 222
"../../../Engine/Content/EngineSky/SM_SkySphere.uasset" 223
"../../../Engine/Content/EngineSky/C_Sky_Zenith_Color.uasset" 224
"../../../Engine/Content/EngineSky/C_Sky_Horizon_Color.uasset" 225
"../../../Engine/Content/EngineSky/C_Sky_Cloud_Color.uasset" 226
"../../../Engine/Content/EngineSky/BP_Sky_Sphere.uasset" 227
"../../../../../../Users/waylo/Documents/Unreal Projects/ProjectOperator/Content/Maps/LobbyMap.umap" 228
